[2025-02-24 21:14:29] [  INFO  ] [Системный] Сервер запущен.
[2025-02-24 21:18:34] [  INFO  ] [Системный] Сервер выключен.
[2025-02-24 21:18:34] [  INFO  ] [Системный] Сервер запущен.
[2025-02-24 21:37:18] [  INFO  ] [Системный] Сервер выключен.
[2025-02-24 21:37:19] [  INFO  ] [Системный] Сервер запущен.
[2025-02-24 21:47:26] [  INFO  ] [Системный] Сервер выключен.
[2025-02-24 21:47:27] [  INFO  ] [Системный] Сервер запущен.
[2025-02-24 21:53:32] [  INFO  ] [Пользовательский] Отправлен запрос на получение списка студентов учителя
[2025-02-24 21:53:32] [  INFO  ] [Пользовательский] Список студентов получен успешно
[2025-02-24 21:53:46] [  INFO  ] [Пользовательский] Отправлен запрос на получение списка студентов учителя
[2025-02-24 21:53:46] [  INFO  ] [Пользовательский] Список студентов получен успешно
[2025-02-24 21:53:53] [  INFO  ] [Пользовательский] Отправлен запрос на получение списка студентов учителя
[2025-02-24 21:53:53] [  INFO  ] [Пользовательский] Список студентов получен успешно
[2025-02-24 21:53:56] [  INFO  ] [Пользовательский] Отправлен запрос на получение списка студентов учителя
[2025-02-24 21:53:56] [  INFO  ] [Пользовательский] Список студентов получен успешно
[2025-02-25 19:04:03] [  INFO  ] [Системный] Сервер запущен.
[2025-02-25 19:05:01] [  INFO  ] [Пользовательский] Отправлен запрос на получение списка студентов учителя
[2025-02-25 19:05:01] [  INFO  ] [Пользовательский] Список студентов получен успешно
[2025-02-25 19:08:21] [  INFO  ] [Пользовательский] Отправлен запрос на получение списка студентов учителя
[2025-02-25 19:08:21] [  INFO  ] [Пользовательский] Список студентов получен успешно
[2025-02-25 19:16:49] [  INFO  ] [Пользовательский] Отправлен запрос на получение списка студентов учителя
[2025-02-25 19:16:49] [  INFO  ] [Пользовательский] Список студентов получен успешно
[2025-02-25 19:16:51] [  INFO  ] [Пользовательский] Отправлен запрос на получение списка студентов учителя
[2025-02-25 19:16:51] [  INFO  ] [Пользовательский] Список студентов получен успешно
[2025-02-25 19:17:53] [  INFO  ] [Пользовательский] Отправлен запрос на получение списка студентов учителя
[2025-02-25 19:17:53] [  INFO  ] [Пользовательский] Список студентов получен успешно
[2025-02-25 19:19:56] [  INFO  ] [Системный] Сервер выключен.
[2025-02-25 19:19:57] [  INFO  ] [Системный] Сервер запущен.
[2025-02-25 19:20:33] [  INFO  ] [Пользовательский] Отправлен запрос на получение списка студентов учителя
[2025-02-25 19:20:33] [  INFO  ] [Пользовательский] Список студентов получен успешно
[2025-02-25 19:20:35] [  INFO  ] [Пользовательский] Отправлен запрос на получение студента
[2025-02-25 19:23:17] [  INFO  ] [Пользовательский] Отправлен запрос на получение студента
[2025-02-25 19:23:20] [  INFO  ] [Пользовательский] Отправлен запрос на получение студента
[2025-02-25 19:23:22] [  INFO  ] [Пользовательский] Отправлен запрос на получение студента
[2025-02-25 19:23:41] [  INFO  ] [Пользовательский] Отправлен запрос на получение списка студентов учителя
[2025-02-25 19:23:41] [  INFO  ] [Пользовательский] Список студентов получен успешно
[2025-02-25 19:23:42] [  INFO  ] [Пользовательский] Отправлен запрос на получение студента
[2025-02-25 19:23:44] [  INFO  ] [Пользовательский] Отправлен запрос на получение студента
[2025-02-25 19:23:46] [  INFO  ] [Пользовательский] Отправлен запрос на получение студента
[2025-02-25 19:24:23] [  INFO  ] [Пользовательский] Отправлен запрос на получение студента
[2025-02-25 19:24:27] [  INFO  ] [Пользовательский] Отправлен запрос на получение списка студентов учителя
[2025-02-25 19:24:27] [  INFO  ] [Пользовательский] Список студентов получен успешно
[2025-02-25 19:24:34] [  INFO  ] [Пользовательский] Отправлен запрос на получение студента
[2025-02-25 19:24:34] [  INFO  ] [Пользовательский] Отправлен запрос на получение студента
[2025-02-25 19:24:45] [  INFO  ] [Пользовательский] Отправлен запрос на получение списка студентов учителя
[2025-02-25 19:24:45] [  INFO  ] [Пользовательский] Список студентов получен успешно
[2025-02-25 19:24:49] [  INFO  ] [Пользовательский] Отправлен запрос на получение студента
[2025-02-25 19:24:50] [  INFO  ] [Пользовательский] Отправлен запрос на получение студента
